SRRRRRRRRRRRRRRPRRRPPPPPSSSSSSSS
SSSSRRRRRRRRRRRPRPPPPPPPSSSSSSSS
SSRRRRRRRRRRRRRPRRRRRRRPSSSSSSSS
RRRRRRRRRRRRRRRPRRRRRRRPPPPPPPPS
SSSRRRRRRRRRRRRPRRRRRPPPPPPPSSSS
SRRRRRRRRRRRRRRPRRRRRRPPPPPPPPSS
RRRRRRRRRRRRRRRPRRRRRRRPRRRPPPPS
SSSSSRRPPPPPPPPPPPPPPPPPSSSSSSSS
RRRRRRRRRRRRRRRPRRRRRPPPPPPPPPSS
SSSRRRRRRRRRRRRPRRRRRRPPPPPPSSSS
SSSSRRRRRRRRRRRPRRRRRRPPSSSSSSSS
SSSRRRRRRRRRRRPPPPPPPPPPPPPPSSSS
SSRRRRRRRRRRRRPPPPPPPPPPPPPPSSSS
SRRRRRRRRRRRRRRPRRRRRRRPRRRPSSSS
RRRRRRRRRRRRRRRPRRRRRRRPRRRPRPPS
SSSRRRRRRRRRRRRPRRRRRPPPPPPPSSSS
SSSRRRRRRRRRRRRPRRRRRRRPSSSSSSSS
SRRRRRRRRRRRRRRPRRRRRRRPRRRPSSSS
RRRRRRRRRRRRRRRPRRRRRRRPRPPPPPPS
SRRRRRRRRRRRRRRPRRRRRRRPRRPPPPSS
RRRRRPPPPPPPPPPPSSSSSSSSSSSSSSSS
SRRRRRRRRRRRRRRPRRRRRRRPRPPPSSSS
SSSSSSSRRRRRRRRPRPPPPPPPSSSSSSSS
RRRRRRRRRRRRRRRPRRRRRRRPPPPPPPSS
SSSSSRRRRRRRRRRPRPPPPPPPSSSSSSSS
SRRRRRRRRRRRRRRPRRRRPPPPSSSSSSSS
SSSSSSRRRRRRRRRPRPPPPPPPSSSSSSSS
SSSRRRPPPPPPPPPPSSSSSSSSSSSSSSSS
SSSSRRRRRRRRRRRPRRRRRRPPSSSSSSSS
SSSRRRRRRRRRRRRPRRRRRRRPRRPPSSSS
SSSSSRRRRRPPPPPPSSSSSSSSSSSSSSSS
RRRRRRRRRRRRRRRPRRRRRRRPSSSSSSSS
SSSRRRRRRRRRRRRPRRRRRPPPSSSSSSSS
SRRRRRRRRRRRRRRPPPPPPPPPSSSSSSSS
RPPPPPPPPPPPPPPPPPPPPPPPPPPPPPPS
RRRRRRRRRRRRRRRPRRRRRRRPRRPPPPSS
SSSSSSSSSSRRRRRPSSSSSSSSSSSSSSSS
SSSSSRRPPPPPPPPPSSSSSSSSSSSSSSSS
SSRRRRRRRRRRRRRPRRRRPPPPSSSSSSSS
RRRRRRRRRRRRRRRPRRRRRRRPRPPPPPSS
SRRRRRRRRRRRRRRPRPPPPPPPPPPPPPSS
SSSRRRRRRRPPPPPPPPPPPPPPSSSSSSSS
RRRRRRRRRRRRRRRPRRRRRPPPPPPPPPPS
SSRRRRRRRRRRRPPPPPPPPPPPPPPPSSSS
SRRRRRRRRRRRRRRPRRRRRRPPSSSSSSSS
SSRRRRRRRRRRRRRPRRRRRRRPRRRPSSSS
SSSSRRRRRRRRRRPPSSSSSSSSSSSSSSSS
SRRRRRRRRRRRRRRPRRRRRRRPRRPPPPSS
SSSSSSSSSSRPPPPPSSSSSSSSSSSSSSSS
RRRRRRRRRRRRRRRPRRRRRRRPSSSSSSSS
