SRRRRRRRRRRRRRRPRRRRRRPPSSSSSSSS
SSRPPPPPPPPPPPPPSSSSSSSSSSSSSSSS
RRRRRRRRRRRRRRRPRRRRRRRPRRRPPPSS
SSSSSSSSSRRRPPPPSSSSSSSSSSSSSSSS
SRRRRRRRRRRRRRRPRRRRRRRPRRRPPPSS
SSSRRRRRRPPPPPPPSSSSSSSSSSSSSSSS
SRRRRRRRRRRRRRRPRRRRRRRPRRRPRPSS
SSRRRRRRRRRRRRRPRRRPPPPPPPPPSSSS
RRRRRRRRRRRRRRRPRPPPPPPPSSSSSSSS
SRRRRRRRRRRRRRRPRRRRRRRPPPPPPPSS
SSSSSSRPPPPPPPPPPPPPPPPPSSSSSSSS
SSSSSSSSRRRPPPPPSSSSSSSSSSSSSSSS
SSSSSSSRRRRRRRRPSSSSSSSSSSSSSSSS
SRRRRRRRRRRRRRRPRRRRRPPPPPPPPPSS
RRRRRRRRRRRRRRRPRRRRRRRPRRRPRPSS
SSRRRRRRRRRPPPPPPPPPPPPPSSSSSSSS
SSSSRRRRRRRRRRRPSSSSSSSSSSSSSSSS
RRRRRRRRRRRPPPPPPPPPPPPPPPPPPPSS
SRRRPPPPPPPPPPPPSSSSSSSSSSSSSSSS
RRRRRRRRRRRRRRRPRRRRRRRPRRPPSSSS
RRRRRRRRRRPPPPPPPPPPPPPPPPPPSSSS
SSRRRRRRRRRRRRRPRRRRPPPPSSSSSSSS
SSRRRRRRRRRRRRRPRRRRRRPPSSSSSSSS
RRRRRRRRRRRRPPPPPPPPPPPPPPPPPPPS
RRRRRRRRRRRRRRRPRRPPPPPPPPPPPPSS
SSRRRRRRRRRRRRRPRRRRRRRPRRRPSSSS
RRRRRRRRRRRRRRPPPPPPPPPPPPPPSSSS
RRRRRRRRRRRRRRRPRRRRRRPPPPPPPPPS
SSRRRRRRRRRRRPPPPPPPPPPPPPPPSSSS
SSSRRRRRRRRRRRRPRRPPPPPPSSSSSSSS
SSSRRRRRRRRRRRRPRRRRPPPPSSSSSSSS
SSSRRRRRRRRRRRRPRRRRRRRPRPPPSSSS
RRRRRRRRRPPPPPPPSSSSSSSSSSSSSSSS
SSRRRRRRRRRRRRRPRRRRRRPPSSSSSSSS
SRRRRRRRRRRRRRRPRPPPPPPPPPPPPPSS
SRRRRRPPPPPPPPPPPPPPPPPPPPPPSSSS
SSRRRRRPPPPPPPPPPPPPPPPPSSSSSSSS
RRRRRRRRRRPPPPPPPPPPPPPPPPPPPPPS
SRRRRRRRRRRRRRRPRRPPPPPPPPPPPPSS
SSRRRRRRRRRRRRRPRRRRRRPPSSSSSSSS
RRRRRRRRRRRRRRRPSSSSSSSSSSSSSSSS
RRRRRRRRRRRPPPPPPPPPPPPPPPPPPPPS
RRRRRRRRRRRRRRRPRRRRPPPPSSSSSSSS
SSSSRRRRRRRRRRRPRRRRRPPPSSSSSSSS
SRRRRRRRRRRRRRRPRRRRRRRPPPPPSSSS
SSRRRRRRRRRRRRRPRRRRRRRPSSSSSSSS
SSSSRRRRRRRRRRRPRRRRPPPPSSSSSSSS
SSRRPPPPPPPPPPPPPPPPPPPPSSSSSSSS
RRRRRRRRRRRRRPPPSSSSSSSSSSSSSSSS
SRRRRRRRRRRRRRRPRRRRRRPPPPPPPPSS
