RRRRRRRRRRRRRRRPPPPRRYYPPPPPPPPS
YRRRRRRRYRRRYYYLYYYYYYYLYYYLLLLS
RRRRRRRRRRRRRRRPLLPPPRRPPPPPPPPS
RRRRRRRRRRRRRRRPRRRRRRRPRRRPYLLS
RRRRRRRRRRRRRRRPYRRRYRYLYRYLYLLS
RRRRRRRRRRRRRRRPLPPRRYYPPPPPPPPS
SRRRRRRRRRRRRYYPPPPPPPPPPPPPSSSS
YRRRRRRRYRRRYYYLYYYYYYYLYYYLLLLS
RRRRRRRRRRRRRRRPPPPRRRRPPPPPPPSS
RRRRRRRRRRRRRRRPYYYYYYYLYYYLLLLS
LPPPPPPPPPRRRRRPSSSSSSSSSSSSSSSS
RRRRRRRRRYYYYYYPYYYYYYYPLPYPPPPS
RRRRRRRRRRRYYYYPSLYYYYYPLPPPPPSS
RRRRRRRRRRYYYYYPLYYYYYYPLPPPPPSS
RRRRRRRRRRRRRRRPPPPPRRYPPPPPPPPS
SSSLLRRRRRYYYYYPLLLLPPPPSSSSSSSS
RRRRRRRRRRRRRRRPSLPPPRRPPPPPPPSS
PPPPPPPPPPPPPRYPPPPPPPPPPPPPPPPS
YRRRRRYYYYYYYYYLYYYYYYYLYYYLLLLS
RRRRRRRRRRRRRRRPRRYYYYYPLYYPLPLS
RRRRRRRRRRRRRRRPLPPPPYYPPPPPPPPS
RRRRRRRRRRRRRRRPRRRRRYYPLLYPSSSS
RRRRRRRRRRRRRRRPPPRRRRRPPPPPPPSS
RRRRRRRRRRYYYYYPYYYYYYYLYYYLYLLS
RYYYYYYYYYYYYYYPPPYYYYYPSSSSSSSS
PPPPPPPPRRRRRYYPPPPPPPPPPPPPPPPS
RRRRRRRRRRRRRRRPRRRRRRRPYRYLYLLS
RRRRRRRRRRRRRRRPRRRRRYYPYYYPYLLS
RRRRRRRRRRRRRRRPRRRRRYYPYLLLLLLS
SSRRRRRRRRRRRRRPPPPPPPPPPPPPSSSS
RRRRRRRRRRRRRRRPLLLLLRYPLLLPLLSS
RRRRRRRRYYYYYYYPSSLPPPPPSSSSSSSS
RRRRRRRRRRRRRYYPPPPYYYYPPPPPPPPS
RRRRRRRRRRRRRRRPYYYYYYYLYYLLSLSS
RRRRRRRRRRRYYYYPYYYYYYYLYYYLLLSS
PPPPPPPPPRRRRRRPPPPPPPPPPPPPSSSS
RRRRYYYYYYYYYYYPLPPPPPYPPPPPPPPS
LLLLPPPPPPPRRRRPPPPPPPPPPPPPSSSS
RRRRRRRRRRRRRRRPPPPPPRYPPPPPPPPS
RRRRRRRRRRRRRRRPRRRRRRRPYYYLYLLS
RRRRRRRRRRRRRRRPYYYYYYYLYYYLLLLS
SLLLLLPPPPPPPRRPPPPPPPPPPPPPPPSS
SSLPPPRRRRRYYYYPPPPPPPPPPPPPSSSS
SLLPPRRYYYYYYYYPPPPPPPPPPPPPSSSS
RRRRRRRRRRRRRRRPLRRRRYYPLLLPPPSS
LLLLPPPPPPRRYYYPPPPPPPPPPPPPPPPS
RRRRRRRRRRRRRRRPLLPPPRRPPPPPPPSS
SSSLLLLLRRRRRRYPLLLLLLLPLPPPSSSS
LLPPPPPPPPPPRYYPPPPPPPPPPPPPSSSS
PPPPPPPPPPRRYYYPPPPPPPPPPPPPPPPS
