RRRRRRRRRRRRRRRPSSRRRRRPPPPPSSSS
RRRRRRRRRRRRRRRPRRRRRRRPRRRPPPSS
RRRRRRRRRRRRRRRPRRRRRRRPRRYPYPLS
RRRRRRRRRRRRRRRPYYYYYYYLYYYLLLLS
RRRRRRRRRRRRRRRPLLPPRYYPPPPPPPSS
RYYYYYYYYYYYYYYPPPPPPPPPPPPPPPPS
YRRRRRRRYRYYYYYLYYYYYYYLYYLLLLSS
RRRRRRRRRRRRRRRPRRRRYYYPYYYLLLLS
YRRRRRRRYRRRYRYLYYYYYYLLLLLLLLSS
RRRYYYYYYYYYYYYPLPPPYYYPPPPPPPSS
SLPPRRRRRRRRRRYPPPPPPPPPPPPPPPSS
RRRRRRRRRRRRRRRPRRRRYYYPYYYLLLSS
RRRRRRRRRRRRRRRPLLLPRRYPPPPPPPPS
RRRRRRRRRRRRRRYPLLPPPPYPPPPPPPPS
LRRRRRRRRRRRYYYPLLPPPPPPPPPPPPPS
RRRRRRRRRRRRRRRPLLLPPRYPPPPPPPSS
RRRRRRRRRYYYYYYPSSLPPPPPSSSSSSSS
RRRRRRRRRRRRRRRPPPPPPPPPPPPPSSSS
LLPRRRRRYYYYYYYPPPPPPPPPPPPPPPSS
RRRRRRRRRRRRRRRPLLLLLLRPLPPPPPPS
YRRRRRRRYRRRYRYLYRRRYRYLYYYLLLLS
RRRRRRRRRRRRRRRPRRRRYYYPLPYPSSSS
RRRRRRRRRRRRRRRPSRRRRRRPLPPPPPSS
RRRRRRRRRRRRRRRPLLLLLLYPLLPPSSSS
RRRRRRRRRRRRRYYPYYYYYYYPYYLLSLSS
SSSLLPPRRRRRRRYPPPPPPPPPPPPPSSSS
LLLLLPRRRRRRRRYPPPPPPPPPPPPPSSSS
LRRRRRRRRYYYYYYPLPPPPPPPPPPPSSSS
RRRRRRRRRRRRRRRPRRRRRRRPLLLPSSSS
RRRRRRRRRRRRRRRPRRRRRRRPLPRPPPSS
RRRRRRRRRRRRRRRPSLRRRRRPLLLPLPSS
RRRRRRRRRRRRRRRPLPPPPPPPSSSSSSSS
PPPPRRRRRYYYYYYPPPPPPPPPPPPPPPPS
RRRRRRRRRRRRRRRPRRRRRRRPRRRPYPLS
RRRRRRYYYYYYYYYPPPPPPPPPPPPPPPPS
RRRRRRRRRRRRRRRPRRRRRYYPYYYLYLLS
YRRRRRRRYRRRYRYLYRYYYYYLYYYLLLSS
RRRRRRRRRRRRRRRPRRRRRRRPPRYPSSSS
SPPPRRRYYYYYYYYPPPPPPPPPPPPPPPSS
SLLLLLLLLLLRRYYPPPPPPPPPPPPPPPSS
RRRRRRRRRRRRRRRPRRRRYYYPYYYLLLLS
SSRRRRRYYYYYYYYPPPPPPPPPPPPPSSSS
RRRRRRRRRRRRRRRPSLLLRRRPPPPPSSSS
RRRRRRRRRRRRRRRPRRRRRRRPYYYLYLLS
RRRRRRRRRRRRRRRPLPPPPRRPPPPPSSSS
YRRRRRRRYRRRYYYLYYYYYYYLYYYLLLLS
SLLLPPPRRRRRRRYPPPPPPPPPPPPPSSSS
SPPPRRRRRRRRRRYPPPPPPPPPSSSSSSSS
RRRRRRRRRRRRRRRPRRRRRRRPYYYLYLLS
RRRRRRRRRRRRRRRPPYYYYYYPPPPPPPPS
