RRRRRRRRRRRRRRRPRRRPPRRSSSSSSSSS
RPPPPPPPPPPPPPSSSSSSSSSSSSSSSSSS
RRRRRRRRRRRRRRRPRRRRRRRPRRRPPPSS
RRRPPPPSSSSSSSSSSSSSSSSSSSSSSSSS
RRRRRRRRRRRRRRRPRRRRRRRPRPRPPSSS
RRRPRRRPPPPPPSSSSSSSSSSSSSSSSSSS
RRRRRRRRRRRRRRRPRRRRRRRPRRRPPSSS
RRRRRRRRRRRRRRRPRPPPPPPPPPSSSSSS
RRRRRRRRRRRRRRRPRPPPPPPPSSSSSSSS
RRRRRRRRRRRRRRRPRRRPRRRPPPPPPSSS
RPPPPPPPPPPPPPPPPPSSSSSSSSSSSSSS
RRRPPPPPSSSSSSSSSSSSSSSSSSSSSSSS
PRRRRRRRRSSSSSSSSSSSSSSSSSSSSSSS
RRRRRRRRRRRRRRRPRRRPRPPPPPPPPSSS
RRRRRRRRRRRRRRRPRRRRRRRPRRRPPRSS
RRRRRRRPRPRPPPPPPPPPPPSSSSSSSSSS
PRRRRRRRRRRRSSSSSSSSSSSSSSSSSSSS
RRRRRRRPRRRPRPPPPPPPPPPPPPPPPPSS
RRRPPPPPPPPPPPPSSSSSSSSSSSSSSSSS
RRRRRRRRRRRRRRRPRRRRRRRPRPPRSSSS
RRRRRRRPRRRPPPPPPPPPPPPPPPPPSSSS
RRRRRRRRRRRRRRRPRPRPPPSSSSSSSSSS
RRRRRRRRRRRRRRRPRRRPPRSSSSSSSSSS
RRRRRRRPRRRPRPRPPPPPPPPPPPPPPPPS
RRRRRRRRRRRRRRRPRPRPPPPPPPPPPPSS
RRRRRRRRRRRRRRRPRRRRRRRPPRSSSSSS
RRRRRRRPRRRRRRRPPPPPPPPPPPPPSSSS
RRRRRRRRRRRRRRRPRRRPRRRPPPPPPPPS
RRRRRRRPRRRPRPPPPPPPPPPPPPSSSSSS
RRRRRRRPRRRRRRRPPPPPPSSSSSSSSSSS
RRRRRRRRRRRRRRRPRPPPPSSSSSSSSSSS
RRRRRRRRRRRRRRRPRRRPRPRPPSSSSSSS
RRRRRRRPRPRPPPPPSSSSSSSSSSSSSSSS
RRRRRRRRRRRRRRRPRRRPPRSSSSSSSSSS
RRRRRRRRRRRRRRRPPPPPPPPPPPPPPSSS
RRRPRPRPPPPPPPPPPPPPPPPPPPPSSSSS
RRRPRPRPPPPPPPPPPPPPPPSSSSSSSSSS
RRRRRRRPRRRPPPPPPPPPPPPPPPPPPPPS
RRRRRRRRRRRRRRRPRPPPPPPPPPPPPSSS
RRRRRRRRRRRRRRRPRRRPPRSSSSSSSSSS
PRRRRRRRRRRRRRRRSSSSSSSSSSSSSSSS
RRRRRRRPRRRPRPPPPPPPPPPPPPPPPPPS
RRRRRRRRRRRRRRRPRRRPRPPPSSSSSSSS
RRRRRRRRRRRRRRRPRPPPSSSSSSSSSSSS
RRRRRRRRRRRRRRRPRRRPRRRPPPPSSSSS
RRRRRRRRRRRRRRRPPRRRRRSSSSSSSSSS
RRRRRRRRRRRRRRRPPPPPSSSSSSSSSSSS
RPRPPPPPPPPPPPPPPPPPPPSSSSSSSSSS
RRRRRRRPRRRPPRRRSSSSSSSSSSSSSSSS
RRRRRRRRRRRRRRRPRRRPRPRPPPPPPSSS
