RRRRRRRRRRRRRRRPRPRPPPPSSSSSSSSS
RRRRRRRPRRRPRPRPPPPPSSSSSSSSSSSS
RRRRRRRRRRRRRRRPPRRRRRSSSSSSSSSS
RRRRRRRRRRRRRRRPRRRRRRRPPPPPPPPS
RRRRRRRRRRRRRRRPRPRPPPPPPSSSSSSS
RRRRRRRRRRRRRRRPRRRPRPRPPPPPPSSS
RRRRRRRRRRRRRRRPRRRRRRRPRRRPPPPS
RPRPPPPPPPPPPPPPPPPSSSSSSSSSSSSS
RRRRRRRRRRRRRRRPRRRPRPRPPPPPPPSS
RRRRRRRRRRRRRRRPRRRPPPPPPSSSSSSS
RRRRRRRRRRRRRRRPRPPRSSSSSSSSSSSS
RRRRRRRPRRRPRPPPPPPPPPPPPSSSSSSS
RRRRRRRPRRRPRPRPPPPPPPPPPPSSSSSS
RRRRRRRRRRRRRRRPRRRRRRRPPRRSSSSS
RRRRRRRRRRRRRRRPRRRRRRRPRRRPRPPS
RRRRRRRRRRRRRRRPRPRPPPPPPSSSSSSS
RRRRRRRRRRRRRRRPPRRRRSSSSSSSSSSS
RRRRRRRRRRRRRRRPRRRRRRRPPRRSSSSS
RRRRRRRRRRRRRRRPRRRRRRRPRPPPPPPS
RRRRRRRRRRRRRRRPRRRRRRRPRPPPPSSS
RRRPRPRPPPPPPPPPSSSSSSSSSSSSSSSS
RRRRRRRRRRRRRRRPRRRRRRRPPPPSSSSS
RRRRRRRPRPRPPPPPPSSSSSSSSSSSSSSS
RRRRRRRRRRRRRRRPRRRRRRRPPPPPPPSS
RRRRRRRPRRRPRPPPPPPSSSSSSSSSSSSS
RRRRRRRRRRRRRRRPRRRPPPPSSSSSSSSS
RRRRRRRPRRRPPPPPPPSSSSSSSSSSSSSS
RRRPPPPPPPPPPSSSSSSSSSSSSSSSSSSS
RRRRRRRRRRRRRRRPRPPRSSSSSSSSSSSS
RRRRRRRRRRRRRRRPRRRPRRRPPSSSSSSS
RRRPRPRPPPPSSSSSSSSSSSSSSSSSSSSS
RRRRRRRRRRRRRRRPPRRRRRRRSSSSSSSS
RRRRRRRRRRRRRRRPRPRPPSSSSSSSSSSS
RRRRRRRPRRRRRRRPPPPPPPPSSSSSSSSS
RPPPPPPPPPPPPPPPPPPPPPPPPPPPPPPS
RRRRRRRRRRRRRRRPRRRRRRRPRPRPPPSS
PRRRRRSSSSSSSSSSSSSSSSSSSSSSSSSS
RPRPPPPPPPPSSSSSSSSSSSSSSSSSSSSS
RRRRRRRRRRRRRRRPRPRPPPSSSSSSSSSS
RRRRRRRRRRRRRRRPRRRRRRRPRPPPPPSS
RRRRRRRRRRRRRRRPPPPPPPPPPPPPPSSS
RRRRRRRPPPPPPPPPPPPPPSSSSSSSSSSS
RRRRRRRRRRRRRRRPRRRPRPRPPPPPPPPS
RRRRRRRPRRRPRPPPPPPPPPPPPPSSSSSS
RRRRRRRRRRRRRRRPRRRPPRRSSSSSSSSS
RRRRRRRRRRRRRRRPRRRRRRRPPRSSSSSS
RRRRRRRPPRRRSSSSSSSSSSSSSSSSSSSS
RRRRRRRRRRRRRRRPRRRRRRRPRPPPPSSS
RPPPPPSSSSSSSSSSSSSSSSSSSSSSSSSS
RRRRRRRRRRRRRRRPPRRRRRRRSSSSSSSS
