PRRRRRRRRRRRRRRRPRRRRRPPPPSSSSSS
PRRRRRRRRRRRRRRRPRRRRRRRPRRRPPSS
PRRRRRRRRRRRRRRRPRRRRRRRPRRYPYLS
PRRRRRRRRRRRRRRRYYYYYYYLYYYLLLLS
PRRRRRRRRRRRRRRRPRYYPPPPPPPPLLSS
PRYYYYYYYYYYYYYYPPPPPPPPPPPPPPPS
RRRRRRRYRYYYYYYLYYYYYYYLYYLLLLSS
PRRRRRRRRRRRRRRRPRRRRYYYYYYLLLLS
RRRRRRRYRRRYRYYLYYYYYYLLLLLLLLSS
PRRRYYYYYYYYYYYYPYYYPPPPPPPPPLSS
PRRRRRRRRRRYPPPPPPPPPPPPPPPPLSSS
PRRRRRRRRRRRRRRRPRRRRYYYYYYLLLSS
PRRRRRRRRRRRRRRRPRRYPPPPPPPPLLLS
PRRRRRRRRRRRRRRYPYPPPPPPPPPPPLLS
PRRRRRRRRRRRYYYPPPPPPPPPPPPPLLLS
PRRRRRRRRRRRRRRRPRYPPPPPPPPLLLSS
PRRRRRRRRRYYYYYYPPPPPLSSSSSSSSSS
PRRRRRRRRRRRRRRRPPPPPPPPPPPPSSSS
PRRRRRYYYYYYYPPPPPPPPPPPPPPPLLSS
PRRRRRRRRRRRRRRRPRPPPPPPLLLLLLLS
RRRRRRRYRRRYRYYLRRRYRYYLYYYLLLLS
PRRRRRRRRRRRRRRRPRRRRYYYPYPLSSSS
PRRRRRRRRRRRRRRRPRRRRRRPPPPPLSSS
PRRRRRRRRRRRRRRRPYPPLLLLLLLLSSSS
PRRRRRRRRRRRRRYYPYYYYYYYYYLLLSSS
PRRRRRRRYPPPPPPPPPPPPPPLLSSSSSSS
PRRRRRRRRYPPPPPPPPPPPPPLLLLLSSSS
PRRRRRRRRYYYYYYPPPPPPPPPPPLLSSSS
PRRRRRRRRRRRRRRRPRRRRRRRPLLLSSSS
PRRRRRRRRRRRRRRRPRRRRRRRPRPPPLSS
PRRRRRRRRRRRRRRRPRRRRRPPLLLLLSSS
PRRRRRRRRRRRRRRRPPPPPPPLSSSSSSSS
PRRRRRYYYYYYPPPPPPPPPPPPPPPPPPPS
PRRRRRRRRRRRRRRRPRRRRRRRPRRRPYLS
PRRRRRRYYYYYYYYYPPPPPPPPPPPPPPPS
PRRRRRRRRRRRRRRRPRRRRRYYYYYLYLLS
RRRRRRRYRRRYRYYLRYYYYYYLYYYLLLSS
PRRRRRRRRRRRRRRRPRRRRRRRPRYPSSSS
PRRRYYYYYYYYPPPPPPPPPPPPPPPPPSSS
PRRYYPPPPPPPPPPPPPPLLLLLLLLLLSSS
PRRRRRRRRRRRRRRRPRRRRYYYYYYLLLLS
PRRRRRYYYYYYYYPPPPPPPPPPPPSSSSSS
PRRRRRRRRRRRRRRRPRRRPPPPLLLSSSSS
PRRRRRRRRRRRRRRRPRRRRRRRYYYLYLLS
PRRRRRRRRRRRRRRRPRRPPPPPPPPLSSSS
RRRRRRRYRRRYYYYLYYYYYYYLYYYLLLLS
PRRRRRRRYPPPPPPPPPPPPPPPLLLSSSSS
PRRRRRRRRRRYPPPPPPPPPPPSSSSSSSSS
PRRRRRRRRRRRRRRRPRRRRRRRYYYLYLLS
PRRRRRRRRRRRRRRRPYYYYYYPPPPPPPPS
