PRRRRRRRRRRRRRRRPRRYYPPPPPPPPPPS
RRRRRRRYRRRYYYYLYYYYYYYLYYYLLLLS
PRRRRRRRRRRRRRRRPRRPPPPPPPPPPLLS
PRRRRRRRRRRRRRRRPRRRRRRRPRRRYLLS
PRRRRRRRRRRRRRRRRRRYRYYLRYYLYLLS
PRRRRRRRRRRRRRRRPRRYYPPPPPPPPPLS
PRRRRRRRRRRRRYYPPPPPPPPPPPPSSSSS
RRRRRRRYRRRYYYYLYYYYYYYLYYYLLLLS
PRRRRRRRRRRRRRRRPRRRRPPPPPPPPPSS
PRRRRRRRRRRRRRRRYYYYYYYLYYYLLLLS
PRRRRRPPPPPPPPPLSSSSSSSSSSSSSSSS
PRRRRRRRRRYYYYYYPYYYYYYYPYPPPPLS
PRRRRRRRRRRRYYYYPYYYYYPPPPPLLSSS
PRRRRRRRRRRYYYYYPYYYYYYPPPPPLLSS
PRRRRRRRRRRRRRRRPRRYPPPPPPPPPPPS
PRRRRRYYYYYPPPPLLLLLLSSSSSSSSSSS
PRRRRRRRRRRRRRRRPRRPPPPPPPPPLSSS
PRYPPPPPPPPPPPPPPPPPPPPPPPPPPPPS
RRRRRYYYYYYYYYYLYYYYYYYLYYYLLLLS
PRRRRRRRRRRRRRRRPRRYYYYYPYYPLLLS
PRRRRRRRRRRRRRRRPYYPPPPPPPPPPPLS
PRRRRRRRRRRRRRRRPRRRRRYYPYLLSSSS
PRRRRRRRRRRRRRRRPRRRRRPPPPPPPPSS
PRRRRRRRRRRYYYYYYYYYYYYLYYYLYLLS
PRYYYYYYYYYYYYYYPYYYYYPPSSSSSSSS
PRRRRRYYPPPPPPPPPPPPPPPPPPPPPPPS
PRRRRRRRRRRRRRRRPRRRRRRRRYYLYLLS
PRRRRRRRRRRRRRRRPRRRRRYYPYYYYLLS
PRRRRRRRRRRRRRRRPRRRRRYYYLLLLLLS
PRRRRRRRRRRRRRPPPPPPPPPPPPSSSSSS
PRRRRRRRRRRRRRRRPRYPLLLLLLLLLLSS
PRRRRRRRRYYYYYYYPPPPPLSSSSSSSSSS
PRRRRRRRRRRRRRYYPYYYYPPPPPPPPPPS
PRRRRRRRRRRRRRRRYYYYYYYLYYLLLSSS
PRRRRRRRRRRRYYYYYYYYYYYLYYYLLLSS
PRRRRRRPPPPPPPPPPPPPPPPPPPPPSSSS
PRRRRYYYYYYYYYYYPYPPPPPPPPPPPPLS
PRRRRPPPPPPPPPPPPPPPPPPPLLLLSSSS
PRRRRRRRRRRRRRRRPRYPPPPPPPPPPPPS
PRRRRRRRRRRRRRRRPRRRRRRRYYYLYLLS
PRRRRRRRRRRRRRRRYYYYYYYLYYYLLLLS
PRRPPPPPPPPPPPPPPPPPPPPPLLLLLSSS
PRRRRRYYYYPPPPPPPPPPPPPPPLSSSSSS
PRRYYYYYYYYPPPPPPPPPPPPPPLLSSSSS
PRRRRRRRRRRRRRRRPRRRRYYPPPLLLLSS
PRRYYYPPPPPPPPPPPPPPPPPPPPPLLLLS
PRRRRRRRRRRRRRRRPRRPPPPPPPPPLLSS
PRRRRRRYPPPPLLLLLLLLLLLLLSSSSSSS
PRYYPPPPPPPPPPPPPPPPPPPPPPLLSSSS
PRRYYYPPPPPPPPPPPPPPPPPPPPPPPPPS
