SSSPSSPRLLRPSLYRYYYRLLLYPPSSYSLL
PLRPLLSYSLRLYYSYLSLLPYSRPPSLSSRP
SSLLLSPSLYRRPYRLLLRYLPSLYLLYSLYP
YPYRLLPRLPPLSPSSPSSSRPLPSSYLSSYP
LYYYLSLPSSLPPLPSRYSYLLPLSSPRRPPP
LYPPSSSSSSRPPRYLLLYYRYRPLLRRYSRP
LLLPYSRRLSPSPRSLYPLLSSPPRPSYPRRL
LYSLLYSLPRYYYLPPSSSLPLPYYPLRYSYL
SSPYSSPPLSSSLPLYPRYLSYPRLSPPSPRY
RPLPSLPYLSYPLSSLYLSLPPRPLPYRRLPR
PRRPLRYSLRRLSPYYRLPRPYSSPRSSRPPR
SSRPSSPLPRPLLRYRPSLLPPSPLYSPLPPS
SYLLYSSLSPYSLPLYLLSPSLSPLYPSLSLY
YLLSRRPRYLPSSSPPSRYYPSYYYRLPRPLL
SSRRPPSYPSPSLPSSRSPPPRLPSLSSYLSL
SSSSRYLPLSSSLPSYPLPPYRSPSRYLSYRP
SSLSLSPPPPPYLSRPPPYRYYLPSSSSSPSS
SPPRSPSSSLLPYLSLSSPPLYPRSSLSYYPL
SSLYPPPRLLSYSSSSSSYSLYRPPRSSYLLL
SLPRSSYPPRYLYSYRSYYPLYLSSPRYLLPL
YYYYYSPLRRSPYPRPSSSPPRSSLYSSSSYP
PRRPLPYLRPSPLLYYLSSSLLYYPRLSRPYY
YPLYRLYPSSSSLYYPPRYRRRRPRPRPPSYL
PPYYYYYLSSPPPSPRRPLSLPSYRSPPRSRP
RRSRPYPYSSSSPSPSYPSSSYYLLSYLRRPP
SLLYRPPPSSSLPRPRYPLSLYSSSSYPLLYL
RPYLPYYRPRYLPRSLLLLPYYSYLLLPPLLS
PYRYYLRYSPLLYPSSSLSPYLLPLLRYPSSL
YPPYYPLLLLLPRYYSYLYLYLPYLLSSYLPS
RPLPRPPSPRLLLRYYLRLLPRPRPRYPPSSS
PRYSSYPRYPLSSYYLPRRPRPLSSSSSSRPP
PYPYYSLPSSPRPRRPSLSSPRLYPLLSRPPL
LYSLSPPSPSPRSLPSPSPSPLSPSYRPYSSP
LPPPLYYSYLLSSLSPYRPLSLSSSLSLLLLS
PRPRLYSYLSSLPLLSSRPPSRPPLPPSYYRP
SLRYLPLRPPRPSRRSSPLSPRPYSLPYPSSS
LLLYLLPSSSSLPPSSRPPRPRLSPLSPPPPS
PLSPSSSLLSSPYYPLLSYSYSSRRPYRLYYP
SRRLPYPPLPSLRYPRSSYSPYLLRSPYSLYL
PSPPRYRPSSSSSSSPLSLRPPRPPRSSRRSP
PRYLYLPSYPLYPSLSPPRSSPPRRPPPRLSL
PPYLRRRYPRYYSRLPPPRSSSYLSSSSLSRP
YPYPRYYLYRPRLSSPLPYYSLLPRPPSSLSS
PPSSSPSLLPLPRYYSLYPPYSYRSYRLLYYY
RSPPSPLYSLYLPRLPPRPPPYRLLRYLYLRR
YLYLPRYLSSLYYSRPYPRYYSRRLYPSYLPP
LSSPLPPSLPSPLLSYYPLSSLYLLSSSSLSP
SRRPLYLPRYRPSSYPRRPPYPSLLLPSSSYP
RYLPLSSSSYYYSRYPRLRSRLRLPPPPRLPY
SLSLSRYPYSYSYSRPSSSLLLSYPYPRSYLL
