PSPSLRYSLLRPPPYSPRYLPSSSLSLYYLRP
YSPYSRRLYSPSLRYLSSPRSSPRPYYRLYLY
PYRRSYSLRPLSSYYSSPYPPSLPSSLYPYSS
LYLSLYRPLLPPYYPSYPSLLYRPSYRPRLPL
SYLLPPSRLPSRYPPPRSPYYLSSLSLLPLYL
PSSPLPLYRPSPYLRYLPLPLSPSLRPSPYPY
RRYPRYPLPPSRLPSLRPYPLYSPSSPRLPSY
PRPRYSRPSSPSSYPLSSLPYLLYRPRSPSPY
SSPRSPPSYLSSLLPRSLPSPPRLRYSRYYLP
PPPSLSPYYLLYPRPYPSPPRSPPSSSLPSPR
LRSYYYRLPLLYSYPLPRSYSSLYRYLLPRSS
SSSSPRRRRPSPYSLYSYLYRPPRSSSSLPRY
YLSSYLYYLYPLYLSSSSSSPYRSPPLRSYSR
SSSPSSPRRPLSRPLSLLSSPSLSPRYSRPYP
PLSPPPLPSYLLYLLYPLSSSLPPRPSSPYPS
PLYYSLLLYLSSLYSLYLPSLSLYSSPRPYRS
SSLYYLSSRSSYLLLPSPSYSYLLYRRYSYRP
PPYPRLYRRPSPLLLSSPPYSSSLRRRPLLSY
SLSPPYYYSPSPPLLSLSLRLRPLYYSSRPRY
YLPLYPRRSLSPYLSPRPYYRPRLYYYLPPSS
RRPPPRYLPLYYSYSLSPSSSRPPYLYSRPLY
RPPRYRPSPSRPSSRPSLLPSSSLPPSRSLLP
PYRPYLSSRPSSLYYYYSLLRPLPSLPPLLLL
LYYYRLRYLYLSPRLLYRLYLSSSLLYRSLSS
RPPRYLPLSSYPSSLSLYPLRSYRPRYPYYPS
SYRPSSLSYYPPYRLYLPRYYRRPLPRYLSYL
YLPLSSPLLYYYSLPRPRLYYYPRSYPLLSSS
RLLSLSRYRYRPRRPSLLLLYSYSPPSSLYPY
SSYRLLLPPPRLLYRPLLRYSPLSRYLLPPSS
YYPYPSPRLYRPPYSLSLSPLSLSYLPLSYRL
PPRSRPSSSRLPPPSYPSSPLYPSSSLSRYLL
PPLRYLYPRPSSPRRPLYSSLLLLLPRPLLYY
LYPLPRPSRPPYSLSLPSPRSSRPYLLYYPYS
SLRRPPPPSRSPYRPPPRLRSSPRSPSPSPPS
RPSSLYSYYPLSRPSRRRYSPLPRRPPRYPRR
LLPPLYSSSPLSLYSPYLSPPRPLRPYSLSLY
YSLSSYSYSRRPLLLLRPPRSSPSRLLLYPPP
LSSSYRPLPRSLSYYLSLRPLSPRSRPYLRRL
PPYPSSPLYYLLSSPSRPYSPRSSRPLSRLPP
SSPSSLPRSSSSLLYSLLYPPLPRRPPYPRPR
RYYSPRRPSLPRLSSPRYYLPYSSLLPYYPYL
PSRPSPSLRLRYPYYLYPSLSSPLPRSYLYSP
SYRPPPYLSSSSYPLLSPSSPRSPRYRLYLLP
YRSLLRPPYRLPPRSPSSSSRPSSLRSRPPPR
SLYLPPSSSSPRLYYLRRYPYPSPYYYSYLLL
PYLYSYPLPRRLYRPLSSLSPRPPYPYLSYRS
YYSPRLYPSRPRLYPRLLSLSSSPSSSLSSSP
RSPRPPSSRSRRPPRYSPSSSLPPRPPLSPPS
LLYSLSPYLPYLLLYSSLLPPYPSSLLPSLSS
PSSSSSSSSYSPYPYLRYLLSRYRRYLYLPYR
