RRRPRRRPRPRSSSSSSSSSSSSSSSSSSSPP
RRRPRRRPRRRPRRRPRRRPRRRPRRRPSSSP
RRRPRRRPRRRPRRRPRRRPSPPPPPPPPPPP
RRRPRRRPRRRPRRRPRPSSSSSSSSSSSPPP
RRRPRRRPRPRSSSPPPPPPPPPPPPPPPPPP
RPRSSSSSSSSSSSSSSSSSSSSSPPPPPPPP
RRRPRRRPRRRPRRRPRRRPRRRPRRRPSSSP
RRRPRRRPRRRPRRRPRRRPRRRPSSSSSSSP
RRRPRRRPSSSSSSSSSSSSSSPPPPPPPPPP
RRRPRRRPRRRPRRRPRRRPSSSSSSSSSPPP
RRRPSSPPPPPPPPPPPPPPPPPPPPPPPPPP
RRRPRRRPRRRPRRRPRRRPRRRPRRRPSSSP
RRRPRRRPRPRSSSSSSSSSSSSSSSSSSSSP
RRRPRRRPRRRPRRRPRPSSSSSSSSSSSSSP
RRRPRRRPRRRPRRRPRRRPRRRPRPRSSSPP
RRRPRRRPRRRPRRRPRRRPSSPPPPPPPPPP
RRRPRRRPRRRPRPRSSSSSSSSSSSSSSSSS
RRRPSSSSSSPPPPPPPPPPPPPPPPPPPPPP
RRRPRRRPRRRPRRRPRRRPSPPPPPPPPPPP
RRRPRRRPRRRPRRRPRRRPRRRPRRRPRPSP
RRRPRRRPSSSSSSSSSSSSSSSSSSSPPPPP
RRRPRPRSSSSSSSSPPPPPPPPPPPPPPPPP
RPSSSSSSSSSSSSSSSSSSSSSSPPPPPPPP
RRRPRRRPRRRPRRRPRRRPRRRPSSSSPPPP
RRRPRRRPRRRPRRRPRRRPSSSSSSSSSSPP
RRRPRPRSSSSSSSSSSSSSSSSSSSSSPPPP
RRRPRRRPRRRPRRRPRPRSSSSSSSSSSPPP
RRRPRPRSSSSSSSSSSSSSSSPPPPPPPPPP
RRRPRRRPRRRPRRRPRPSSSSSSSSSSPPPP
RRRPRRRPRRRPRRRPRRRPRRRPRPRSSPPP
RRRPRRRPSSSSSSSSSSSSSSSSSPPPPPPP
RRRPRPSSSSSSSSSPPPPPPPPPPPPPPPPP
RRRPSSSSSSSSSSSSSSSSSSSSSSPPPPPP
RRRPRRRPRRRPRRRPRRRPRPRSSSPPPPPP
RRRPRRRPRPSSSSSSSSSSSSSSSSSPPPPP
RRRPSSSPPPPPPPPPPPPPPPPPPPPPPPPP
RRRPRPRSSSSSSSSPPPPPPPPPPPPPPPPP
RRRPRRRPRPRPSPPPPPPPPPPPPPPPPPPP
RRRPRRRPRRRPRRRPRRRPRPSSSSSSSPPP
RRRPSSSSPPPPPPPPPPPPPPPPPPPPPPPP
RRRPRRRPRRRPRRRPRPSSSSSSSSSSPPPP
RRRPRRRPRRRPRRRPRRRPRRRPRPSSSPPP
RRRPRRRPRRRPRPRSSSSSSSPPPPPPPPPP
RPRSSSSSSSSSSSSPPPPPPPPPPPPPPPPP
RPSSSSSSSSSSSSSSSSSSSSSSSPPPPPPP
RRRPRRRPRRRPRRRPSSSSSSSSSPPPPPPP
RPSSSSSSSPPPPPPPPPPPPPPPPPPPPPPP
RRRPRRRPSSSSPPPPPPPPPPPPPPPPPPPP
RRRPRRRPRRRPRRRPRRRPRRRPRPSSSSPP
RPRSSSSSSPPPPPPPPPPPPPPPPPPPPPPP
