RRRPRRRPRRRPRRRPRRRPRRRPRPSSSSSS
RRRPRRRPRRRPRRRPRRRPRRRPRRRPRPSP
RRRPRRRPRRRPRRRPRRRPRRRPRPRSSSSS
RRRPRRRPRRRPRRRPRRRPRRRPSPPPPPPP
RRRPRRRPRRRPRRRPRPSSPPPPPPPPPPPP
RRRPRRRPRRRPRRRPRRRPRRRPRRRPRPSP
RRRPRRRPRRRPRPRSSSSSSSSSSPPPPPPP
RPRSSSSSSSSSSSSSPPPPPPPPPPPPPPPP
RPRSSSSSSSSSSSSSSPPPPPPPPPPPPPPP
RRRPRRRPSSSSSSSSSSSSSSSSSSSPPPPP
RRRPRRRPRRRPRRRPRRRPRPRSSSSSPPPP
RRRPRRRPRRRPRRRPRPSSSSSPPPPPPPPP
RPRSSSSSSSSSSSSSSSSSSSSSSSSPPPPP
RRRPRRRPRRRPRRRPRRRPRPSSSSSPPPPP
RRRPRRRPRRRPRRRPRRRPRRRPRPRSSSSS
RRRPRPRSSSSSSSSSSSSSSPPPPPPPPPPP
RRRPSSSSSSSSSSSSSSSSSSSSSPPPPPPP
RRRPRRRPRRRPRRRPSSSSSSSSSSSSSSSS
RRRPRPRSSSPPPPPPPPPPPPPPPPPPPPPP
RPSSSSSSSSSPPPPPPPPPPPPPPPPPPPPP
RRRPRRRPRRRPRRRPRRRPRRRPRRRPSSPP
RRRPRRRPRRRPRRRPRRRPRRRPSSSSSPPP
RRRPRPRSSSSSSSSSSSSSSSSSSSSSSSPP
RRRPRRRPRPRSSSSSSSSSSSSSSSSSSPPP
RPSSSPPPPPPPPPPPPPPPPPPPPPPPPPPP
RRRPRRRPRRRPRRRPRPRSSSSSSSPPPPPP
RRRPRRRPRRRPRPSSSSSSSSSSSSSSPPPP
RRRPSSSSSSSSSSSSSSSSSSSPPPPPPPPP
RRRPRRRPRRRPRRRPRRRPRRRPRPSSSSSP
RRRPRRRPRRRPRPRSSSSSSSSPPPPPPPPP
RRRPRRRPRRRPRRRPRPSSSPPPPPPPPPPP
RRRPRRRPSSSSSSSSSSSSSSSSSSSSSPPP
RRRPRRRPRRRPRRRPRRRPRPRSSSSPPPPP
RRRPRPSSSSSSSSSSPPPPPPPPPPPPPPPP
RRRPRRRPRRRPRRRPRRRPRRRPRPSPPPPP
RRRPRRRPRPRSSSSSPPPPPPPPPPPPPPPP
RRRPRRRPRRRPRRRPRRRPRPRSSSPPPPPP
RRRPRRRPRRRPRRRPRPRSSSSSSSSSSSPP
RRRPRRRPRRRPRRRPRRRPSSSSSSPPPPPP
RRRPRRRPRRRPRRRPRRRPRRRPRPSSPPPP
RRRPRRRPRRRPRPRSSSSSSSSPPPPPPPPP
RRRPRRRPRPSSSSSSSSSSSSSSSSSPPPPP
RPRSSSSSSSSSSSSSPPPPPPPPPPPPPPPP
RRRPRRRPRRRPRRRPRRRPSSSSSSSSSSPP
RRRPRRRPRRRPRRRPRPRSSSSSSSSSPPPP
RRRPRPRSSSSSSSSSSSSSSSSSSPPPPPPP
RRRPRRRPRPRSSSSSSSSSSSSSSSSSSSSP
RRRPRRRPRRRPRRRPRRRPSSSSSSSSSPPP
RRRPRRRPRRRPRRRPRRRPSSPPPPPPPPPP
RRRPRRRPRRRPRRRPSSSSSSSSSSSSSSSS
