PZSPRRPRRLRPSLYZYYZSZYLYSPSZRSRL
LZLLPYZRRRSLSZRPSPPRRZRRYPYYYRRY
YRPLPLSSRPLPYSZLRSRRLZYLRZRPRYSZ
ZZYLPLRPRZSPYRSPPPSRYZLSZPYRRPLL
RRZLLZLYPSRYZZRRZRSYYZPRPRSSPPRL
RSPRLPRRZPPSRRRPYZZRRPYRYRYLPSRL
RPYPLYRRYLRYSPPYZZZZRZSLPLRRPPLR
YRRRPRZYRPRSZRPRRPRRYSLRYLSPYRRZ
SZRPRRPLYZPRLRYRPSLLPZRRLYSPLRPZ
ZSRYLSZPLLLPRYZYLSPZRRRPZRRPSYYP
LLSLPRLZZZPLRPZZRLZLZPSSRPZRSRRS
PLRRPRZLSZRRRPPLRPRRLRRSLZLPLSYP
YLSLLYSYPYYZZSPZPLSYLZRRRZZSRYPS
SSPLLLRSSRPPZZPZRPRRZYSLZRRRRSSY
PRLRLZZZYPRRLRZLLPZZPSPZRRPRLRRR
ZLYRLPLZSZYPSRYRRYPZRPRRYLZPSPYL
PRZSRZYSSZRYRRYPRSSPZSYPRRYZRRRP
PRLYRYYZSSYPLPZLRRLRYPLSRLYZPRPP
RRLZRPPLRRSSYRZRPPZRYRPLLYZPZLSS
ZLLSYRYLLYRZZZYZRRRRZRRRSLZPPSYR
RYYLRYLPZLYRSSSLRYZSZPPSZLPLYZZY
LPZYLSRPYRYLPZRLRRRLZSRZLSRSRYSP
PLSRRRRRYRRPZZZYPYPLRZPSPLSYRPPS
ZSRYRZPSZLLRRPRZSLYLYYPYRLYLRYRP
PLYRSLZSPPPZSLZPSPRPRSSPRPZZPSRR
YRPYZLRLLLSLLRZYLZZYRYRSPRRRRYZY
YYRZYPRPPSLRYZPLYZRPZSPZYPPZSZRP
PPRSRLLPYRLYSYZZPRSPYPYRRZYLZZRY
SRPRRRLYYPZYSPLZYRSRRRZSRYRRRPLY
PSPLSSYYRRRRRZRLSLRPPPYRZZRYLYLR
PSPRLZRRSRPYPRRZZPRRLLSPYLSPYZRS
SSYPYLSLLZYLYRLPSPRRPLRZPRRRYSRZ
LLRRRPLPLZRRRPZRLYYRSZPSLYLSRRPP
PPRPLRPLRYPRLSZRRPPRRLZRYLYZZLZZ
YPRZLZRRPYPSYSPPYPRRRYRYZZSPLZPR
YPYYZSYSLYLZRRZLPRYRPSSYPRRRRPPS
RYPPLZLRRZLSZYSZSRPPRPZRRPSZYRLP
LRLYZPSSZRRSRYYRYPRRPZRRSZZSRRZR
RLRRZZZPPRYYRSRRSSRZRSPPSSSLPLZL
ZLRRRPYSRZPYPSLYRSLRZRRPZLYYLRZL
RRRSSYZSZSZZRZSPSSRRPYRSLZSLPRRR
RPYZPZPSZPZSLRRRLRRRYZYYRYRYYRPR
LYRRSZPYYRSLRRPYRRRPSLZPLLZPZRSP
ZRRPRZZRSYYPYZRSRRZZYSPSRSYPPSPY
YZRPRZRPPRZPYPSPZPYLPLZLRLSRPPSY
SSRPPRSZRLRPRPSPRZRSRYYPPZSZLRLP
ZZPLPRRRRPPSYRYRZPPSPLYSPZZZYRRZ
LZZRLYYSSLPZPYYZZSYRRLRYLRZLPPRR
LRSZPPYPRSRRZSSYZZYLYPZYPRRRSSPR
RZYLZYZLPSZSYPLRPSRRLRRRYZRPYZYY
