PSPZLRZLZZRRPPRSPRYLPSSZPSLYYLRP
RPPSRPRLYLLRYSZZRSZRYRZRLZLSLRZS
LYSRRPYLSRLLSYRPPRZSYYPYZRZLRYPZ
SRPZZZRRPRLPRRZLLSSSPZSRLRRSRYPR
SPPPZRRRZPLPLYPSLRZSPYPYZZRRRSLZ
PRZZPSLRLYRSYYLPYLZLYLPSRLZPLYYZ
PLRRRSPRRPSPYYLPYSSZLPYYRRZZYRSZ
PPLLSZYYSZYLRPSPLPRRSPPRZSZPRPYZ
ZZLYLZRRLRRRRSPRYPZRSPLSLYLPLYYS
LRZRRLYLSPPPZRYPLPRRPZSPRRRZRYRL
RSRPPSZRRZPSRYLZRLSRPSRSPLZSRZYP
YLRYZLPRRYZZYLZRZLRRRZRYYLLZSPPR
SYSRZRYRRYLYLZLRRPRSSRLZSRPRPSPL
ZSYPSSSYPPLRSRLZZSPLYPSPPRLYRZSZ
LLRPPRLRRRLYSPRZYSRLYZPZLLPSYRLZ
YZZLZPZSSPYYZYSPPRRSSPSLRSRRRPRR
ZSRYSPPYZRZLZSZZLSRPLYPLLZYPRYYL
YYRLRYPSZZLZRLRRPYLSPZSLYRRLYLPZ
PYSRSRYZRRZYRSZZSRPYSLLSYSPZLRSY
LSLYZZLPRYYRLPYSRRLYZZLYPPRZZYPR
RRRRRRRPZZPLPRPSPPSYRRZRLYRRSSYS
LPRRPRLLLZLLLZYPPSYRYLLPPZSSPSZP
PYRLPSLZRPYZLZYLZYPYZSYSYPZSSSRL
ZZPRYZYLLYSRRRRYZPZYPPPSZPYRRPYR
LZRYYRPLSPPLPZRRSZRYPSPYZLZRRRZL
YRZSZLSRLPPRZZRRPLRYLSSPRRYRYZSY
PLZLYSPYLSLZRPLRLYRRYPZLYSLPZZPR
YSRRPLYLLYZLSLSSLZLRRRYPZSLPLRLP
PPYPZRYLYLZLSLLZRPRSRRZZRPLRRLPP
YLYZZLSPZLPRRRPYLZLZRLLPYPLRLRRP
PRYRZSPRLZYZYZSRZYYSPRPRPZSLRSLS
PRZRRYZZRZPYLRYLZPZPLYSPYLRSPRRR
ZPPZRSYYYZRYYRPYPSZLPRRYZRRSSLSY
LLLPPLZLRSZPRPPSRRSYRPRLRZZRSRZR
YYSPRRYPZRZRZZZRLYYRPSZLSSSRRZRY
RPSSRLPPRPRRYRPSLYYYPRRZPRRZPRYZ
LPSZRRLPRPZRLRRZRLLRRPRLPLRPRPSS
LSPLPYPZZZPLPYLYPLRRYLZRRZSRLRRY
YRRRZSZLYZLYSPYRPZSSSZPLPRRPSZYS
PYRZLLYZSSZPRYLPLZSZRRZLPLRSYPRR
RYRPPLPSZPZSZLYYZPYPLRLLYPRSRSPY
YRSPZSZPZYPLRPRPZLLYLSYZYYRRLRRP
RRPZPRPRRPZYRRZYLYRYSPZYYRLLSYZR
YPSZLLSSRRRYYLZZRYPSZYLZYZZSPSRY
RRZSPRZSPRRRSRLLLSSLRRZPRRRPLZRR
LPRYSPRZYPSZSYPRYRLYLRSLPYZZRRPR
ZRZYYZSYRRRRRRZPPZRLPZLSZRLLLYLL
PPZRSPYLZZYYRRLYZRZSSZSYPYLYSSRL
LPRYZSRRZPPZLPRSRPRRPZSPYSSZPYSR
SZRYYYLLPZPZPZPSRRSSZRZZYSZLYSLR
