PSPZLRZRZZRRPPRSPRYRPSRZPSLYYLRP
RPPSRPRLYPLRYSZZRSZRPRZRLZLSLSZS
RYSRRPYLSPLLSYRPRRZSYYPYZRZLRRPZ
SRPZZZRRPRRPRRZRLSSSPZSPLRRSRYPR
RPPPZRRRZPLPLYRRLRZSPYPYZZPRPSPZ
YRZZPSLYRYRSYYLPYPZLYLPSYLZPLYYZ
PLRRRSPRRPSPYYLPYSSZLPYYRRZZYRRZ
PPLLSZYYSZYLRRRPRPRRSPPRZSZPRPRZ
ZZLYLZYRLRRRRSPRYPZLSPLSLYLPLYYS
LRZRRLYLRPPPZRYPRPRRPZSPRRRZRPRL
RSRPYLZRRZYSRPLZYLSYPSPSPLZSRZYP
YLRYZLPRPYZZYLZPZSYLRZPYYLPZSPPR
SYSRZRYPRYLYRZLRRPRSSRLZSRPRPSPL
ZLYPSSSYPPLRSRRZZSPRYPSPPRRYRZSZ
LLRPPRLRRRPYSPRZYSYLYZPZLLPSPRLZ
YZZSZPZSRPYYZYSRPRRSSPSLRSRRRPRR
ZRRRSRPYZRZLZSZZLSRPLYPLLZYPRYYL
YYRLRYPRZZRZYLYRPYLSPZSLYRYLYLPZ
PYSRSRYZRYZYPSZZSRPYSLLSYSPZLYSY
LSLYZZRPRYYRRPRSRRPYZZLYPPRZZYPR
RRRRRRRPZZPRPRPSPPSYRRZRLYRRSSYS
SPRYPRLLPZLLLZYRPSYRYLLPPZSSPSZP
PYRLPSLZRPYZYZPSZYPYZSYSYPZLSSYL
ZZPRYZYLLYSRRPRYZPZPPPPSZPYRRPYR
LZRPYRPLSPPLPZRPSZRYPRPYZLZRYRZL
YPZRZLSRLPPRZZRRPLRYLSSPRRYPYZSY
PLZLYSPYLSRZRPLRPYPSYPZLYSLPZZPR
YSRRPLYLRYZLSLSSPZLSRRYPZSLPLRRP
PPYPZRYLYPZLSLYZRPRSYLZZRPLRSLPP
YLYZZLRPZLPRRRPYRZLZRLRPYPLRLSRP
PRYRZSRRLZYZYZSRZYYSPRPRPZSLPSLS
PSZRRYZZRZPYLRYLZPZPLYSPYLRSPRRR
ZPPZRSYYYZRYYRPYPSZRPRRYZPPSSLSP
LLLPPLZPPSZPRPPRRRSYRPRLRZZLSRZR
YYSPRRYPZRZRZZZRLRYPYSZYSSSPLZRP
RPSSRLPPRPRRYRPSLYYYPRRZPRRZPSYZ
SPSZRYLPRPZRLRRZRLLRRPRLPLRPRPSS
LSPLPYPZZZPLPYRYPLRYPSZRRZSRLRRP
YRPRZSZLYZLYSPYRPZSSSZPRPRRPSZYS
PYLZLLYZSSZPRYLPLZSZRPZLPLRSYPRR
RYSPPLPRZPZRZRYYZPYPLYLLYPRSPSPY
YPSPZPZPZYPLRPRPZLLYLSYZYYRRLRRP
RYPZPRPSRPZYRYZYLYRYSPZPYRLLSYZR
YPSZLLSSRRPYYLZZRYPRZYSZYZZSPRRR
RPZSPRZSPRRRSRLLLSSLRPZPRRRPSZYL
LPRYSPRZYRSZSYPRYRPYLYSLPYZZRRPR
ZRZYYZSYRRRPRRZPPZYLPZLSZPLLLYLL
PPZRSPYLZZYYRRPYZRZLSZSPPYRYSSRL
LPRYZSPRZPPZRPRSRPRRPZSPYSYZPYSR
LZPYYYLLPZPZPZPSRYSSZRZZYSZLYSLY
