PZSPRRPRRLRPSLYZYYZYZYLYRPSZYSYL
LZLLPYZRRPSLSZRPSPPRRZRRYPYYYRRY
YRPLPLSSRPLPYSZLYSYLRZSLRZRPRYSZ
ZZRYPLRPRZSRYRSPPPSPYZLYZPYPRPLL
RYZLSZLYPRRRZZRRZRSYYZPRPRSSPPRL
RSPRLPRRZPPSRRRPYZZRRPYRYRRLPSRL
RPYPLYRRYLRYSPPYZZZZRZSLPLRRPPLR
YRRRPRZYRPRSZRPSRPRRYSLRYLSPYPRZ
SZRPRYPLYZPRLRYRPSLLPZRPLYSPLYPZ
ZYRYLYZPLLLPRYZYLSPZRRRPZSLPSYYP
LLSLPRLZZZPRRPZZSLZYZPSSRPZYSYRS
PLRYPRZLSZRPRPPLRPRRLRRSLZRPLSYP
YLSLLYSYPYYZZYPZPRSYLZPRRZZLRRPR
SSPLLLYSSRPPZZPZRPRRZYSLZYRPRSSY
PRLRRZZZYPRRLYZSRPZZPSPZRRPRLRRR
ZLYRLPLZRZYPSRYLPYPZRPRRYLZPSPYL
PRZSRZYSRZLYRRYPYSSPZYYPPRYZPSRP
PRLYRYYZSSYPRPZLRPLRYRLSRLYZPLPP
YRYZRPPLRPSSYRZYPPZRRRPLLYZPZPSS
ZYLSYRYLPYRZZZYZRRRRZRPRSLZPPRYR
RYYLRYLPZLYRSSSLRPZLZPPSZYPLYZZY
LPZYLSRPYRYLPZYLRYYLZSRZLSRSRYRP
PLSRRRPRYRRPZZZYPYPRRZPLPLSYRPPS
ZSLYRZRSZRLRRPRZSLYLYYPYRLYLRYRP
PRRRSLZSPPPZYLZPSRRPRSSPRPZZPSRP
YRPYZLYLLLSLLYZYSZZYRYRSPRRRRYZY
YYRZYPRPPSLYYZPRRZRPZSPZYPPZLZRP
PPRSRLLPYRLYSYZZPRSPYPYRPZYLZZPY
SRPRRRLYYPZLSPPZYRSRRRZSRYRRRPLY
PSPLSSYYRRRPRZYLSLRPPPYRZZRYPYLR
PSPRLZRYSRPYPRRZZPRPLLSPRLRPYZYS
SSYPYLSLYZPSYRLPSPRYPLRZPRRRYSRZ
LLRRRPLPLZRRRPZRPYYRYZYSLYLSRRPP
PPRPLSPLRYPRLYZRRPPRRLZRYLYZZRZZ
YPLZLZPRPYPSYSPPYPRRRYRYZZSPLZPR
YPYYZSYSLRRZYLZLPRYRPSSYPRRRRPPS
RYPPLZLRRZLRZYSZSRPPSPZPRPSZYRLP
LYLYZPSSZRPSRYYPYPRRPZRRYZZSRRZR
RLRRZZZPPRYYRSRRSSRZRSPPSSSLPRZL
ZLPRRPYSRZPYPSLYRSLRZRRPZLYYLSZR
RPRSSYZSZSZZRZSRSSRRPYRSPZSLPRRR
RPYZPZPSZPZSLRPRLRYRYZYYRYRYYRPR
LYRRLZPYYRSLRRPYRRRPSLZPLLZPZRRP
ZRSPLZZRSYYPYZRSRPZZYSPRRSYPPSPY
YZSPYZRPPRZPYPSPZPYLPLZSRLSRPPSY
SSRPPRSZRLRPRPSPRZPSRYYPPZSZLRRP
ZZPLPRRRRPRRYRYRZPPSPLYSPZZZYPRZ
RZZLPYRSSLPZPYYZZSYRRLRYLRZRPPRR
LRSZPPYPRSRRZSSYZZYPYPZYPRRRSSPR
RZRLZYZSRSZSYPLRPSPRLRPRYZRPYZYY
